This file contains any messages produced by compilers while
running configure, to aid debugging if configure makes a mistake.

It was created by cmuclmtk configure 0.7, which was
generated by GNU Autoconf 2.69.  Invocation command line was

  $ ./configure 

## --------- ##
## Platform. ##
## --------- ##

hostname = chen
uname -m = x86_64
uname -r = 3.13.0-44-generic
uname -s = Linux
uname -v = #73-Ubuntu SMP Tue Dec 16 00:22:43 UTC 2014

/usr/bin/uname -p = unknown
/bin/uname -X     = unknown

/bin/arch              = unknown
/usr/bin/arch -k       = unknown
/usr/convex/getsysinfo = unknown
/usr/bin/hostinfo      = unknown
/bin/machine           = unknown
/usr/bin/oslevel       = unknown
/bin/universe          = unknown

PATH: /opt/ros/indigo/bin
PATH: /usr/local/sbin
PATH: /usr/local/bin
PATH: /usr/sbin
PATH: /usr/bin
PATH: /sbin
PATH: /bin
PATH: /usr/games
PATH: /usr/local/games


## ----------- ##
## Core tests. ##
## ----------- ##

configure:2252: checking for a BSD-compatible install
configure:2320: result: /usr/bin/install -c
configure:2331: checking whether build environment is sane
configure:2386: result: yes
configure:2537: checking for a thread-safe mkdir -p
configure:2576: result: /bin/mkdir -p
configure:2583: checking for gawk
configure:2599: found /usr/bin/gawk
configure:2610: result: gawk
configure:2621: checking whether make sets $(MAKE)
configure:2643: result: yes
configure:2672: checking whether make supports nested variables
configure:2689: result: yes
configure:2846: checking build system type
configure:2860: result: x86_64-unknown-linux-gnu
configure:2880: checking host system type
configure:2893: result: x86_64-unknown-linux-gnu
configure:2934: checking how to print strings
configure:2961: result: printf
configure:2994: checking for style of include used by make
configure:3022: result: GNU
configure:3093: checking for gcc
configure:3109: found /usr/bin/gcc
configure:3120: result: gcc
configure:3349: checking for C compiler version
configure:3358: gcc --version >&5
gcc (Ubuntu 4.8.2-19ubuntu1) 4.8.2
Copyright (C) 2013 Free Software Foundation, Inc.
This is free software; see the source for copying conditions.  There is NO
warranty; not even for MERCHANTABILITY or FITNESS FOR A PARTICULAR PURPOSE.

configure:3369: $? = 0
configure:3358: gcc -v >&5
Using built-in specs.
COLLECT_GCC=gcc
COLLECT_LTO_WRAPPER=/usr/lib/gcc/x86_64-linux-gnu/4.8/lto-wrapper
Target: x86_64-linux-gnu
Configured with: ../src/configure -v --with-pkgversion='Ubuntu 4.8.2-19ubuntu1' --with-bugurl=file:///usr/share/doc/gcc-4.8/README.Bugs --enable-languages=c,c++,java,go,d,fortran,objc,obj-c++ --prefix=/usr --program-suffix=-4.8 --enable-shared --enable-linker-build-id --libexecdir=/usr/lib --without-included-gettext --enable-threads=posix --with-gxx-include-dir=/usr/include/c++/4.8 --libdir=/usr/lib --enable-nls --with-sysroot=/ --enable-clocale=gnu --enable-libstdcxx-debug --enable-libstdcxx-time=yes --enable-gnu-unique-object --disable-libmudflap --enable-plugin --with-system-zlib --disable-browser-plugin --enable-java-awt=gtk --enable-gtk-cairo --with-java-home=/usr/lib/jvm/java-1.5.0-gcj-4.8-amd64/jre --enable-java-home --with-jvm-root-dir=/usr/lib/jvm/java-1.5.0-gcj-4.8-amd64 --with-jvm-jar-dir=/usr/lib/jvm-exports/java-1.5.0-gcj-4.8-amd64 --with-arch-directory=amd64 --with-ecj-jar=/usr/share/java/eclipse-ecj.jar --enable-objc-gc --enable-multiarch --disable-werror --with-arch-32=i686 --with-abi=m64 --with-multilib-list=m32,m64,mx32 --with-tune=generic --enable-checking=release --build=x86_64-linux-gnu --host=x86_64-linux-gnu --target=x86_64-linux-gnu
Thread model: posix
gcc version 4.8.2 (Ubuntu 4.8.2-19ubuntu1) 
configure:3369: $? = 0
configure:3358: gcc -V >&5
gcc: error: unrecognized command line option '-V'
gcc: fatal error: no input files
compilation terminated.
configure:3369: $? = 4
configure:3358: gcc -qversion >&5
gcc: error: unrecognized command line option '-qversion'
gcc: fatal error: no input files
compilation terminated.
configure:3369: $? = 4
configure:3389: checking whether the C compiler works
configure:3411: gcc    conftest.c  >&5
configure:3415: $? = 0
configure:3463: result: yes
configure:3466: checking for C compiler default output file name
configure:3468: result: a.out
configure:3474: checking for suffix of executables
configure:3481: gcc -o conftest    conftest.c  >&5
configure:3485: $? = 0
configure:3507: result: 
configure:3529: checking whether we are cross compiling
configure:3537: gcc -o conftest    conftest.c  >&5
configure:3541: $? = 0
configure:3548: ./conftest
configure:3552: $? = 0
configure:3567: result: no
configure:3572: checking for suffix of object files
configure:3594: gcc -c   conftest.c >&5
configure:3598: $? = 0
configure:3619: result: o
configure:3623: checking whether we are using the GNU C compiler
configure:3642: gcc -c   conftest.c >&5
configure:3642: $? = 0
configure:3651: result: yes
configure:3660: checking whether gcc accepts -g
configure:3680: gcc -c -g  conftest.c >&5
configure:3680: $? = 0
configure:3721: result: yes
configure:3738: checking for gcc option to accept ISO C89
configure:3801: gcc  -c -g -O2  conftest.c >&5
configure:3801: $? = 0
configure:3814: result: none needed
configure:3839: checking whether gcc understands -c and -o together
configure:3861: gcc -c conftest.c -o conftest2.o
configure:3864: $? = 0
configure:3861: gcc -c conftest.c -o conftest2.o
configure:3864: $? = 0
configure:3876: result: yes
configure:3895: checking dependency style of gcc
configure:4006: result: gcc3
configure:4021: checking for a sed that does not truncate output
configure:4085: result: /bin/sed
configure:4103: checking for grep that handles long lines and -e
configure:4161: result: /bin/grep
configure:4166: checking for egrep
configure:4228: result: /bin/grep -E
configure:4233: checking for fgrep
configure:4295: result: /bin/grep -F
configure:4330: checking for ld used by gcc
configure:4397: result: /usr/bin/ld
configure:4404: checking if the linker (/usr/bin/ld) is GNU ld
configure:4419: result: yes
configure:4431: checking for BSD- or MS-compatible name lister (nm)
configure:4480: result: /usr/bin/nm -B
configure:4610: checking the name lister (/usr/bin/nm -B) interface
configure:4617: gcc -c -g -O2  conftest.c >&5
configure:4620: /usr/bin/nm -B "conftest.o"
configure:4623: output
0000000000000000 B some_variable
configure:4630: result: BSD nm
configure:4633: checking whether ln -s works
configure:4637: result: yes
configure:4645: checking the maximum length of command line arguments
configure:4776: result: 1572864
configure:4793: checking whether the shell understands some XSI constructs
configure:4803: result: yes
configure:4807: checking whether the shell understands "+="
configure:4813: result: yes
configure:4848: checking how to convert x86_64-unknown-linux-gnu file names to x86_64-unknown-linux-gnu format
configure:4888: result: func_convert_file_noop
configure:4895: checking how to convert x86_64-unknown-linux-gnu file names to toolchain format
configure:4915: result: func_convert_file_noop
configure:4922: checking for /usr/bin/ld option to reload object files
configure:4929: result: -r
configure:5003: checking for objdump
configure:5019: found /usr/bin/objdump
configure:5030: result: objdump
configure:5062: checking how to recognize dependent libraries
configure:5260: result: pass_all
configure:5345: checking for dlltool
configure:5375: result: no
configure:5405: checking how to associate runtime and link libraries
configure:5432: result: printf %s\n
configure:5493: checking for ar
configure:5509: found /usr/bin/ar
configure:5520: result: ar
configure:5557: checking for archiver @FILE support
configure:5574: gcc -c -g -O2  conftest.c >&5
configure:5574: $? = 0
configure:5577: ar cru libconftest.a @conftest.lst >&5
configure:5580: $? = 0
configure:5585: ar cru libconftest.a @conftest.lst >&5
ar: conftest.o: No such file or directory
configure:5588: $? = 1
configure:5600: result: @
configure:5658: checking for strip
configure:5674: found /usr/bin/strip
configure:5685: result: strip
configure:5757: checking for ranlib
configure:5773: found /usr/bin/ranlib
configure:5784: result: ranlib
configure:5886: checking command to parse /usr/bin/nm -B output from gcc object
configure:6006: gcc -c -g -O2  conftest.c >&5
configure:6009: $? = 0
configure:6013: /usr/bin/nm -B conftest.o \| sed -n -e 's/^.*[ ]\([ABCDGIRSTW][ABCDGIRSTW]*\)[ ][ ]*\([_A-Za-z][_A-Za-z0-9]*\)$/\1 \2 \2/p' | sed '/ __gnu_lto/d' \> conftest.nm
configure:6016: $? = 0
configure:6082: gcc -o conftest -g -O2   conftest.c conftstm.o >&5
configure:6085: $? = 0
configure:6123: result: ok
configure:6160: checking for sysroot
configure:6190: result: no
configure:6267: gcc -c -g -O2  conftest.c >&5
configure:6270: $? = 0
configure:6459: checking for mt
configure:6475: found /bin/mt
configure:6486: result: mt
configure:6509: checking if mt is a manifest tool
configure:6515: mt '-?'
configure:6523: result: no
configure:7165: checking how to run the C preprocessor
configure:7196: gcc -E  conftest.c
configure:7196: $? = 0
configure:7210: gcc -E  conftest.c
conftest.c:11:28: fatal error: ac_nonexistent.h: No such file or directory
 #include <ac_nonexistent.h>
                            ^
compilation terminated.
configure:7210: $? = 1
configure: failed program was:
| /* confdefs.h */
| #define PACKAGE_NAME "cmuclmtk"
| #define PACKAGE_TARNAME "cmuclmtk"
| #define PACKAGE_VERSION "0.7"
| #define PACKAGE_STRING "cmuclmtk 0.7"
| #define PACKAGE_BUGREPORT "air+logios@cs.cmu.edu"
| #define PACKAGE_URL ""
| #define PACKAGE "cmuclmtk"
| #define VERSION "0.7"
| /* end confdefs.h.  */
| #include <ac_nonexistent.h>
configure:7235: result: gcc -E
configure:7255: gcc -E  conftest.c
configure:7255: $? = 0
configure:7269: gcc -E  conftest.c
conftest.c:11:28: fatal error: ac_nonexistent.h: No such file or directory
 #include <ac_nonexistent.h>
                            ^
compilation terminated.
configure:7269: $? = 1
configure: failed program was:
| /* confdefs.h */
| #define PACKAGE_NAME "cmuclmtk"
| #define PACKAGE_TARNAME "cmuclmtk"
| #define PACKAGE_VERSION "0.7"
| #define PACKAGE_STRING "cmuclmtk 0.7"
| #define PACKAGE_BUGREPORT "air+logios@cs.cmu.edu"
| #define PACKAGE_URL ""
| #define PACKAGE "cmuclmtk"
| #define VERSION "0.7"
| /* end confdefs.h.  */
| #include <ac_nonexistent.h>
configure:7298: checking for ANSI C header files
configure:7318: gcc -c -g -O2  conftest.c >&5
configure:7318: $? = 0
configure:7391: gcc -o conftest -g -O2   conftest.c  >&5
configure:7391: $? = 0
configure:7391: ./conftest
configure:7391: $? = 0
configure:7402: result: yes
configure:7415: checking for sys/types.h
configure:7415: gcc -c -g -O2  conftest.c >&5
configure:7415: $? = 0
configure:7415: result: yes
configure:7415: checking for sys/stat.h
configure:7415: gcc -c -g -O2  conftest.c >&5
configure:7415: $? = 0
configure:7415: result: yes
configure:7415: checking for stdlib.h
configure:7415: gcc -c -g -O2  conftest.c >&5
configure:7415: $? = 0
configure:7415: result: yes
configure:7415: checking for string.h
configure:7415: gcc -c -g -O2  conftest.c >&5
configure:7415: $? = 0
configure:7415: result: yes
configure:7415: checking for memory.h
configure:7415: gcc -c -g -O2  conftest.c >&5
configure:7415: $? = 0
configure:7415: result: yes
configure:7415: checking for strings.h
configure:7415: gcc -c -g -O2  conftest.c >&5
configure:7415: $? = 0
configure:7415: result: yes
configure:7415: checking for inttypes.h
configure:7415: gcc -c -g -O2  conftest.c >&5
configure:7415: $? = 0
configure:7415: result: yes
configure:7415: checking for stdint.h
configure:7415: gcc -c -g -O2  conftest.c >&5
configure:7415: $? = 0
configure:7415: result: yes
configure:7415: checking for unistd.h
configure:7415: gcc -c -g -O2  conftest.c >&5
configure:7415: $? = 0
configure:7415: result: yes
configure:7429: checking for dlfcn.h
configure:7429: gcc -c -g -O2  conftest.c >&5
configure:7429: $? = 0
configure:7429: result: yes
configure:7635: checking for objdir
configure:7650: result: .libs
configure:7917: checking if gcc supports -fno-rtti -fno-exceptions
configure:7935: gcc -c -g -O2  -fno-rtti -fno-exceptions conftest.c >&5
cc1: warning: command line option '-fno-rtti' is valid for C++/ObjC++ but not for C [enabled by default]
configure:7939: $? = 0
configure:7952: result: no
configure:8279: checking for gcc option to produce PIC
configure:8286: result: -fPIC -DPIC
configure:8294: checking if gcc PIC flag -fPIC -DPIC works
configure:8312: gcc -c -g -O2  -fPIC -DPIC -DPIC conftest.c >&5
configure:8316: $? = 0
configure:8329: result: yes
configure:8358: checking if gcc static flag -static works
configure:8386: result: yes
configure:8401: checking if gcc supports -c -o file.o
configure:8422: gcc -c -g -O2  -o out/conftest2.o conftest.c >&5
configure:8426: $? = 0
configure:8448: result: yes
configure:8456: checking if gcc supports -c -o file.o
configure:8503: result: yes
configure:8536: checking whether the gcc linker (/usr/bin/ld -m elf_x86_64) supports shared libraries
configure:9693: result: yes
configure:9730: checking whether -lc should be explicitly linked in
configure:9738: gcc -c -g -O2  conftest.c >&5
configure:9741: $? = 0
configure:9756: gcc -shared  -fPIC -DPIC conftest.o  -v -Wl,-soname -Wl,conftest -o conftest 2\>\&1 \| /bin/grep  -lc  \>/dev/null 2\>\&1
configure:9759: $? = 0
configure:9773: result: no
configure:9933: checking dynamic linker characteristics
configure:10433: gcc -o conftest -g -O2   -Wl,-rpath -Wl,/foo conftest.c  >&5
configure:10433: $? = 0
configure:10667: result: GNU/Linux ld.so
configure:10774: checking how to hardcode library paths into programs
configure:10799: result: immediate
configure:11339: checking whether stripping libraries is possible
configure:11344: result: yes
configure:11379: checking if libtool supports shared libraries
configure:11381: result: yes
configure:11384: checking whether to build shared libraries
configure:11405: result: yes
configure:11408: checking whether to build static libraries
configure:11412: result: yes
configure:11507: checking for gcc
configure:11534: result: gcc
configure:11763: checking for C compiler version
configure:11772: gcc --version >&5
gcc (Ubuntu 4.8.2-19ubuntu1) 4.8.2
Copyright (C) 2013 Free Software Foundation, Inc.
This is free software; see the source for copying conditions.  There is NO
warranty; not even for MERCHANTABILITY or FITNESS FOR A PARTICULAR PURPOSE.

configure:11783: $? = 0
configure:11772: gcc -v >&5
Using built-in specs.
COLLECT_GCC=gcc
COLLECT_LTO_WRAPPER=/usr/lib/gcc/x86_64-linux-gnu/4.8/lto-wrapper
Target: x86_64-linux-gnu
Configured with: ../src/configure -v --with-pkgversion='Ubuntu 4.8.2-19ubuntu1' --with-bugurl=file:///usr/share/doc/gcc-4.8/README.Bugs --enable-languages=c,c++,java,go,d,fortran,objc,obj-c++ --prefix=/usr --program-suffix=-4.8 --enable-shared --enable-linker-build-id --libexecdir=/usr/lib --without-included-gettext --enable-threads=posix --with-gxx-include-dir=/usr/include/c++/4.8 --libdir=/usr/lib --enable-nls --with-sysroot=/ --enable-clocale=gnu --enable-libstdcxx-debug --enable-libstdcxx-time=yes --enable-gnu-unique-object --disable-libmudflap --enable-plugin --with-system-zlib --disable-browser-plugin --enable-java-awt=gtk --enable-gtk-cairo --with-java-home=/usr/lib/jvm/java-1.5.0-gcj-4.8-amd64/jre --enable-java-home --with-jvm-root-dir=/usr/lib/jvm/java-1.5.0-gcj-4.8-amd64 --with-jvm-jar-dir=/usr/lib/jvm-exports/java-1.5.0-gcj-4.8-amd64 --with-arch-directory=amd64 --with-ecj-jar=/usr/share/java/eclipse-ecj.jar --enable-objc-gc --enable-multiarch --disable-werror --with-arch-32=i686 --with-abi=m64 --with-multilib-list=m32,m64,mx32 --with-tune=generic --enable-checking=release --build=x86_64-linux-gnu --host=x86_64-linux-gnu --target=x86_64-linux-gnu
Thread model: posix
gcc version 4.8.2 (Ubuntu 4.8.2-19ubuntu1) 
configure:11783: $? = 0
configure:11772: gcc -V >&5
gcc: error: unrecognized command line option '-V'
gcc: fatal error: no input files
compilation terminated.
configure:11783: $? = 4
configure:11772: gcc -qversion >&5
gcc: error: unrecognized command line option '-qversion'
gcc: fatal error: no input files
compilation terminated.
configure:11783: $? = 4
configure:11787: checking whether we are using the GNU C compiler
configure:11815: result: yes
configure:11824: checking whether gcc accepts -g
configure:11885: result: yes
configure:11902: checking for gcc option to accept ISO C89
configure:11978: result: none needed
configure:12003: checking whether gcc understands -c and -o together
configure:12040: result: yes
configure:12059: checking dependency style of gcc
configure:12170: result: gcc3
configure:12230: checking for ar
configure:12257: result: ar
configure:12279: checking whether byte ordering is bigendian
configure:12294: gcc -c -g -O2  conftest.c >&5
conftest.c:24:9: error: unknown type name 'not'
         not a universal capable compiler
         ^
conftest.c:24:15: error: expected '=', ',', ';', 'asm' or '__attribute__' before 'universal'
         not a universal capable compiler
               ^
conftest.c:24:15: error: unknown type name 'universal'
configure:12294: $? = 1
configure: failed program was:
| /* confdefs.h */
| #define PACKAGE_NAME "cmuclmtk"
| #define PACKAGE_TARNAME "cmuclmtk"
| #define PACKAGE_VERSION "0.7"
| #define PACKAGE_STRING "cmuclmtk 0.7"
| #define PACKAGE_BUGREPORT "air+logios@cs.cmu.edu"
| #define PACKAGE_URL ""
| #define PACKAGE "cmuclmtk"
| #define VERSION "0.7"
| #define STDC_HEADERS 1
| #define HAVE_SYS_TYPES_H 1
| #define HAVE_SYS_STAT_H 1
| #define HAVE_STDLIB_H 1
| #define HAVE_STRING_H 1
| #define HAVE_MEMORY_H 1
| #define HAVE_STRINGS_H 1
| #define HAVE_INTTYPES_H 1
| #define HAVE_STDINT_H 1
| #define HAVE_UNISTD_H 1
| #define HAVE_DLFCN_H 1
| #define LT_OBJDIR ".libs/"
| /* end confdefs.h.  */
| #ifndef __APPLE_CC__
| 	       not a universal capable compiler
| 	     #endif
| 	     typedef int dummy;
| 
configure:12339: gcc -c -g -O2  conftest.c >&5
configure:12339: $? = 0
configure:12357: gcc -c -g -O2  conftest.c >&5
conftest.c: In function 'main':
conftest.c:30:4: error: unknown type name 'not'
    not big endian
    ^
conftest.c:30:12: error: expected '=', ',', ';', 'asm' or '__attribute__' before 'endian'
    not big endian
            ^
configure:12357: $? = 1
configure: failed program was:
| /* confdefs.h */
| #define PACKAGE_NAME "cmuclmtk"
| #define PACKAGE_TARNAME "cmuclmtk"
| #define PACKAGE_VERSION "0.7"
| #define PACKAGE_STRING "cmuclmtk 0.7"
| #define PACKAGE_BUGREPORT "air+logios@cs.cmu.edu"
| #define PACKAGE_URL ""
| #define PACKAGE "cmuclmtk"
| #define VERSION "0.7"
| #define STDC_HEADERS 1
| #define HAVE_SYS_TYPES_H 1
| #define HAVE_SYS_STAT_H 1
| #define HAVE_STDLIB_H 1
| #define HAVE_STRING_H 1
| #define HAVE_MEMORY_H 1
| #define HAVE_STRINGS_H 1
| #define HAVE_INTTYPES_H 1
| #define HAVE_STDINT_H 1
| #define HAVE_UNISTD_H 1
| #define HAVE_DLFCN_H 1
| #define LT_OBJDIR ".libs/"
| /* end confdefs.h.  */
| #include <sys/types.h>
| 		#include <sys/param.h>
| 
| int
| main ()
| {
| #if BYTE_ORDER != BIG_ENDIAN
| 		 not big endian
| 		#endif
| 
|   ;
|   return 0;
| }
configure:12485: result: no
configure:12503: checking for log in -lm
configure:12528: gcc -o conftest -g -O2   conftest.c -lm   >&5
conftest.c:30:6: warning: conflicting types for built-in function 'log' [enabled by default]
 char log ();
      ^
configure:12528: $? = 0
configure:12537: result: yes
configure:12550: checking for ANSI C header files
configure:12654: result: yes
configure:12665: checking for stdlib.h
configure:12665: result: yes
configure:12665: checking for strings.h
configure:12665: result: yes
configure:12665: checking sys/time.h usability
configure:12665: gcc -c -g -O2  conftest.c >&5
configure:12665: $? = 0
configure:12665: result: yes
configure:12665: checking sys/time.h presence
configure:12665: gcc -E  conftest.c
configure:12665: $? = 0
configure:12665: result: yes
configure:12665: checking for sys/time.h
configure:12665: result: yes
configure:12787: checking that generated files are newer than configure
configure:12793: result: done
configure:12821: creating ./config.status

## ---------------------- ##
## Running config.status. ##
## ---------------------- ##

This file was extended by cmuclmtk config.status 0.7, which was
generated by GNU Autoconf 2.69.  Invocation command line was

  CONFIG_FILES    = 
  CONFIG_HEADERS  = 
  CONFIG_LINKS    = 
  CONFIG_COMMANDS = 
  $ ./config.status 

on chen

config.status:1090: creating Makefile
config.status:1090: creating src/Makefile
config.status:1090: creating test/Makefile
config.status:1090: creating src/liblmest/Makefile
config.status:1090: creating src/libs/Makefile
config.status:1090: creating src/programs/Makefile
config.status:1090: creating config.h
config.status:1271: config.h is unchanged
config.status:1319: executing depfiles commands
config.status:1319: executing libtool commands

## ---------------- ##
## Cache variables. ##
## ---------------- ##

ac_cv_build=x86_64-unknown-linux-gnu
ac_cv_c_bigendian=no
ac_cv_c_compiler_gnu=yes
ac_cv_env_CC_set=
ac_cv_env_CC_value=
ac_cv_env_CFLAGS_set=
ac_cv_env_CFLAGS_value=
ac_cv_env_CPPFLAGS_set=
ac_cv_env_CPPFLAGS_value=
ac_cv_env_CPP_set=
ac_cv_env_CPP_value=
ac_cv_env_LDFLAGS_set=
ac_cv_env_LDFLAGS_value=
ac_cv_env_LIBS_set=
ac_cv_env_LIBS_value=
ac_cv_env_build_alias_set=
ac_cv_env_build_alias_value=
ac_cv_env_host_alias_set=
ac_cv_env_host_alias_value=
ac_cv_env_target_alias_set=
ac_cv_env_target_alias_value=
ac_cv_header_dlfcn_h=yes
ac_cv_header_inttypes_h=yes
ac_cv_header_memory_h=yes
ac_cv_header_stdc=yes
ac_cv_header_stdint_h=yes
ac_cv_header_stdlib_h=yes
ac_cv_header_string_h=yes
ac_cv_header_strings_h=yes
ac_cv_header_sys_stat_h=yes
ac_cv_header_sys_time_h=yes
ac_cv_header_sys_types_h=yes
ac_cv_header_unistd_h=yes
ac_cv_host=x86_64-unknown-linux-gnu
ac_cv_lib_m_log=yes
ac_cv_objext=o
ac_cv_path_EGREP='/bin/grep -E'
ac_cv_path_FGREP='/bin/grep -F'
ac_cv_path_GREP=/bin/grep
ac_cv_path_SED=/bin/sed
ac_cv_path_install='/usr/bin/install -c'
ac_cv_path_mkdir=/bin/mkdir
ac_cv_prog_AWK=gawk
ac_cv_prog_CPP='gcc -E'
ac_cv_prog_ac_ct_AR=ar
ac_cv_prog_ac_ct_CC=gcc
ac_cv_prog_ac_ct_MANIFEST_TOOL=mt
ac_cv_prog_ac_ct_OBJDUMP=objdump
ac_cv_prog_ac_ct_RANLIB=ranlib
ac_cv_prog_ac_ct_STRIP=strip
ac_cv_prog_cc_c89=
ac_cv_prog_cc_g=yes
ac_cv_prog_make_make_set=yes
am_cv_CC_dependencies_compiler_type=gcc3
am_cv_make_support_nested_variables=yes
am_cv_prog_cc_c_o=yes
lt_cv_ar_at_file=@
lt_cv_archive_cmds_need_lc=no
lt_cv_deplibs_check_method=pass_all
lt_cv_file_magic_cmd='$MAGIC_CMD'
lt_cv_file_magic_test_file=
lt_cv_ld_reload_flag=-r
lt_cv_nm_interface='BSD nm'
lt_cv_objdir=.libs
lt_cv_path_LD=/usr/bin/ld
lt_cv_path_NM='/usr/bin/nm -B'
lt_cv_path_mainfest_tool=no
lt_cv_prog_compiler_c_o=yes
lt_cv_prog_compiler_pic='-fPIC -DPIC'
lt_cv_prog_compiler_pic_works=yes
lt_cv_prog_compiler_rtti_exceptions=no
lt_cv_prog_compiler_static_works=yes
lt_cv_prog_gnu_ld=yes
lt_cv_sharedlib_from_linklib_cmd='printf %s\n'
lt_cv_shlibpath_overrides_runpath=no
lt_cv_sys_global_symbol_pipe='sed -n -e '\''s/^.*[	 ]\([ABCDGIRSTW][ABCDGIRSTW]*\)[	 ][	 ]*\([_A-Za-z][_A-Za-z0-9]*\)$/\1 \2 \2/p'\'' | sed '\''/ __gnu_lto/d'\'''
lt_cv_sys_global_symbol_to_c_name_address='sed -n -e '\''s/^: \([^ ]*\)[ ]*$/  {\"\1\", (void *) 0},/p'\'' -e '\''s/^[ABCDGIRSTW]* \([^ ]*\) \([^ ]*\)$/  {"\2", (void *) \&\2},/p'\'''
lt_cv_sys_global_symbol_to_c_name_address_lib_prefix='sed -n -e '\''s/^: \([^ ]*\)[ ]*$/  {\"\1\", (void *) 0},/p'\'' -e '\''s/^[ABCDGIRSTW]* \([^ ]*\) \(lib[^ ]*\)$/  {"\2", (void *) \&\2},/p'\'' -e '\''s/^[ABCDGIRSTW]* \([^ ]*\) \([^ ]*\)$/  {"lib\2", (void *) \&\2},/p'\'''
lt_cv_sys_global_symbol_to_cdecl='sed -n -e '\''s/^T .* \(.*\)$/extern int \1();/p'\'' -e '\''s/^[ABCDGIRSTW]* .* \(.*\)$/extern char \1;/p'\'''
lt_cv_sys_max_cmd_len=1572864
lt_cv_to_host_file_cmd=func_convert_file_noop
lt_cv_to_tool_file_cmd=func_convert_file_noop

## ----------------- ##
## Output variables. ##
## ----------------- ##

ACLOCAL='${SHELL} /home/chen/Voicecontrol/cmuclmtk/missing aclocal-1.14'
AMDEPBACKSLASH='\'
AMDEP_FALSE='#'
AMDEP_TRUE=''
AMTAR='$${TAR-tar}'
AM_BACKSLASH='\'
AM_DEFAULT_V='$(AM_DEFAULT_VERBOSITY)'
AM_DEFAULT_VERBOSITY='1'
AM_V='$(V)'
AR='ar'
AUTOCONF='${SHELL} /home/chen/Voicecontrol/cmuclmtk/missing autoconf'
AUTOHEADER='${SHELL} /home/chen/Voicecontrol/cmuclmtk/missing autoheader'
AUTOMAKE='${SHELL} /home/chen/Voicecontrol/cmuclmtk/missing automake-1.14'
AWK='gawk'
CC='gcc'
CCDEPMODE='depmode=gcc3'
CFLAGS='-g -O2'
CPP='gcc -E'
CPPFLAGS=''
CYGPATH_W='echo'
DEFS='-DHAVE_CONFIG_H'
DEPDIR='.deps'
DLLTOOL='false'
DSYMUTIL=''
DUMPBIN=''
ECHO_C=''
ECHO_N='-n'
ECHO_T=''
EGREP='/bin/grep -E'
EXEEXT=''
FGREP='/bin/grep -F'
GREP='/bin/grep'
INSTALL_DATA='${INSTALL} -m 644'
INSTALL_PROGRAM='${INSTALL}'
INSTALL_SCRIPT='${INSTALL}'
INSTALL_STRIP_PROGRAM='$(install_sh) -c -s'
LD='/usr/bin/ld -m elf_x86_64'
LDFLAGS=''
LIBOBJS=''
LIBS='-lm '
LIBTOOL='$(SHELL) $(top_builddir)/libtool'
LIPO=''
LN_S='ln -s'
LTLIBOBJS=''
MAKEINFO='${SHELL} /home/chen/Voicecontrol/cmuclmtk/missing makeinfo'
MANIFEST_TOOL=':'
MKDIR_P='/bin/mkdir -p'
NM='/usr/bin/nm -B'
NMEDIT=''
OBJDUMP='objdump'
OBJEXT='o'
OTOOL64=''
OTOOL=''
PACKAGE='cmuclmtk'
PACKAGE_BUGREPORT='air+logios@cs.cmu.edu'
PACKAGE_NAME='cmuclmtk'
PACKAGE_STRING='cmuclmtk 0.7'
PACKAGE_TARNAME='cmuclmtk'
PACKAGE_URL=''
PACKAGE_VERSION='0.7'
PATH_SEPARATOR=':'
RANLIB='ranlib'
SED='/bin/sed'
SET_MAKE=''
SHELL='/bin/bash'
STRIP='strip'
VERSION='0.7'
ac_ct_AR='ar'
ac_ct_CC='gcc'
ac_ct_DUMPBIN=''
am__EXEEXT_FALSE=''
am__EXEEXT_TRUE='#'
am__fastdepCC_FALSE='#'
am__fastdepCC_TRUE=''
am__include='include'
am__isrc=''
am__leading_dot='.'
am__nodep='_no'
am__quote=''
am__tar='$${TAR-tar} chof - "$$tardir"'
am__untar='$${TAR-tar} xf -'
bindir='${exec_prefix}/bin'
build='x86_64-unknown-linux-gnu'
build_alias=''
build_cpu='x86_64'
build_os='linux-gnu'
build_vendor='unknown'
datadir='${datarootdir}'
datarootdir='${prefix}/share'
docdir='${datarootdir}/doc/${PACKAGE_TARNAME}'
dvidir='${docdir}'
exec_prefix='${prefix}'
host='x86_64-unknown-linux-gnu'
host_alias=''
host_cpu='x86_64'
host_os='linux-gnu'
host_vendor='unknown'
htmldir='${docdir}'
includedir='${prefix}/include'
infodir='${datarootdir}/info'
install_sh='${SHELL} /home/chen/Voicecontrol/cmuclmtk/install-sh'
libdir='${exec_prefix}/lib'
libexecdir='${exec_prefix}/libexec'
localedir='${datarootdir}/locale'
localstatedir='${prefix}/var'
mandir='${datarootdir}/man'
mkdir_p='$(MKDIR_P)'
oldincludedir='/usr/include'
pdfdir='${docdir}'
prefix='/usr/local'
program_transform_name='s,x,x,'
psdir='${docdir}'
sbindir='${exec_prefix}/sbin'
sharedstatedir='${prefix}/com'
sysconfdir='${prefix}/etc'
target_alias=''

## ----------- ##
## confdefs.h. ##
## ----------- ##

/* confdefs.h */
#define PACKAGE_NAME "cmuclmtk"
#define PACKAGE_TARNAME "cmuclmtk"
#define PACKAGE_VERSION "0.7"
#define PACKAGE_STRING "cmuclmtk 0.7"
#define PACKAGE_BUGREPORT "air+logios@cs.cmu.edu"
#define PACKAGE_URL ""
#define PACKAGE "cmuclmtk"
#define VERSION "0.7"
#define STDC_HEADERS 1
#define HAVE_SYS_TYPES_H 1
#define HAVE_SYS_STAT_H 1
#define HAVE_STDLIB_H 1
#define HAVE_STRING_H 1
#define HAVE_MEMORY_H 1
#define HAVE_STRINGS_H 1
#define HAVE_INTTYPES_H 1
#define HAVE_STDINT_H 1
#define HAVE_UNISTD_H 1
#define HAVE_DLFCN_H 1
#define LT_OBJDIR ".libs/"
#define HAVE_LIBM 1
#define STDC_HEADERS 1
#define HAVE_STDLIB_H 1
#define HAVE_STRINGS_H 1
#define HAVE_SYS_TIME_H 1

configure: exit 0
